1647869942127	geckodriver	INFO	Listening on 127.0.0.1:56223
1647869947741	geckodriver	INFO	Listening on 127.0.0.1:55818
1647871217996	geckodriver	INFO	Listening on 127.0.0.1:55867
1647871221076	mozrunner::runner	INFO	Running command: "C:\\Program Files\\Mozilla Firefox\\firefox.exe" "--marionette" "--headless" "--remote-debugging-port" "55868" "-no-remote" "-profile" "C:\\Users\\danie\\AppData\\Local\\Temp\\rust_mozprofileOKmuSg"
*** You are running in headless mode.
1647871221472	Marionette	INFO	Marionette enabled
[GFX1-]: RenderCompositorSWGL failed mapping default framebuffer, no dt
console.warn: SearchSettings: "get: No settings file exists, new profile?" (new NotFoundError("Could not open the file at C:\\Users\\danie\\AppData\\Local\\Temp\\rust_mozprofileOKmuSg\\search.json.mozlz4", (void 0)))
DevTools listening on ws://localhost:55868/devtools/browser/94322162-b509-4673-bfab-a513bdb9df6e
1647871222654	Marionette	INFO	Listening on port 60951
1647871223123	RemoteAgent	WARN	TLS certificate errors will be ignored for this session
1647871372824	geckodriver	INFO	Listening on 127.0.0.1:54064
1647871375905	mozrunner::runner	INFO	Running command: "C:\\Program Files\\Mozilla Firefox\\firefox.exe" "--marionette" "--headless" "--remote-debugging-port" "54065" "-no-remote" "-profile" "C:\\Users\\danie\\AppData\\Local\\Temp\\rust_mozprofilefM62WZ"
*** You are running in headless mode.
1647871376321	Marionette	INFO	Marionette enabled
[GFX1-]: RenderCompositorSWGL failed mapping default framebuffer, no dt
console.warn: SearchSettings: "get: No settings file exists, new profile?" (new NotFoundError("Could not open the file at C:\\Users\\danie\\AppData\\Local\\Temp\\rust_mozprofilefM62WZ\\search.json.mozlz4", (void 0)))
DevTools listening on ws://localhost:54065/devtools/browser/4ada7598-9767-4b10-8241-46b37f8f16b9
1647871377558	Marionette	INFO	Listening on port 62734
1647871377967	RemoteAgent	WARN	TLS certificate errors will be ignored for this session
Exiting due to channel error.
Listening on 127.0.0.1:63859
1647871435125	mozrunner::runner	INFO	Running command: "C:\\Program Files\\Mozilla Firefox\\firefox.exe" "--marionette" "--headless" "--remote-debugging-port" "63860" "-no-remote" "-profile" "C:\\Users\\danie\\AppData\\Local\\Temp\\rust_mozprofileVTPQfW"
*** You are running in headless mode.
1647871435560	Marionette	INFO	Marionette enabled
[GFX1-]: RenderCompositorSWGL failed mapping default framebuffer, no dt
console.warn: SearchSettings: "get: No settings file exists, new profile?" (new NotFoundError("Could not open the file at C:\\Users\\danie\\AppData\\Local\\Temp\\rust_mozprofileVTPQfW\\search.json.mozlz4", (void 0)))
DevTools listening on ws://localhost:63860/devtools/browser/b479439c-6378-4b02-9ce9-bb1e8b25ff41
1647871436837	Marionette	INFO	Listening on port 60500
1647871437186	RemoteAgent	WARN	TLS certificate errors will be ignored for this session
1647871717777	geckodriver	INFO	Listening on 127.0.0.1:50387
1647871720851	mozrunner::runner	INFO	Running command: "C:\\Program Files\\Mozilla Firefox\\firefox.exe" "--marionette" "--headless" "--remote-debugging-port" "50388" "-no-remote" "-profile" "C:\\Users\\danie\\AppData\\Local\\Temp\\rust_mozprofilebcP5on"
*** You are running in headless mode.
1647871721282	Marionette	INFO	Marionette enabled
[GFX1-]: RenderCompositorSWGL failed mapping default framebuffer, no dt
console.warn: SearchSettings: "get: No settings file exists, new profile?" (new NotFoundError("Could not open the file at C:\\Users\\danie\\AppData\\Local\\Temp\\rust_mozprofilebcP5on\\search.json.mozlz4", (void 0)))
DevTools listening on ws://localhost:50388/devtools/browser/42a747eb-486d-4090-94a1-617b75d64b4e
1647871722506	Marionette	INFO	Listening on port 52557
1647871722914	RemoteAgent	WARN	TLS certificate errors will be ignored for this session
1647871739101	geckodriver	INFO	Listening on 127.0.0.1:55930
1647871742171	mozrunner::runner	INFO	Running command: "C:\\Program Files\\Mozilla Firefox\\firefox.exe" "--marionette" "--headless" "--remote-debugging-port" "55931" "-no-remote" "-profile" "C:\\Users\\danie\\AppData\\Local\\Temp\\rust_mozprofileFNNJaI"
*** You are running in headless mode.
1647871742588	Marionette	INFO	Marionette enabled
[GFX1-]: RenderCompositorSWGL failed mapping default framebuffer, no dt
console.warn: SearchSettings: "get: No settings file exists, new profile?" (new NotFoundError("Could not open the file at C:\\Users\\danie\\AppData\\Local\\Temp\\rust_mozprofileFNNJaI\\search.json.mozlz4", (void 0)))
DevTools listening on ws://localhost:55931/devtools/browser/9dbb3266-9fe2-4580-a7cd-f7f05fe76fa0
1647871743789	Marionette	INFO	Listening on port 58757
1647871744241	RemoteAgent	WARN	TLS certificate errors will be ignored for this session
A content process crashed and MOZ_CRASHREPORTER_SHUTDOWN is set, shutting down
1647871810017	Marionette	INFO	Stopped listening on port 58757
[Parent 27164, IPC I/O Parent] WARNING: file /builds/worker/checkouts/gecko/ipc/chromium/src/base/process_util_win.cc:167
JavaScript error: chrome://remote/content/marionette/cert.js, line 55: NS_ERROR_NOT_AVAILABLE: Component returned failure code: 0x80040111 (NS_ERROR_NOT_AVAILABLE) [nsICertOverrideService.setDisableAllSecurityChecksAndLetAttackersInterceptMyData]
 settings file exists, new profile?" (new NotFoundError("Could not open the file at C:\\Users\\danie\\AppData\\Local\\Temp\\rust_mozprofilezV11DA\\search.json.mozlz4", (void 0)))
DevTools listening on ws://localhost:63843/devtools/browser/f64efd65-aebc-4734-a622-4a9b1b4507ac
1647871780599	Marionette	INFO	Listening on port 64273
1647871780632	RemoteAgent	WARN	TLS certificate errors will be ignored for this session
1647871780805	geckodriver	INFO	Listening on 127.0.0.1:57154
1647871783876	mozrunner::runner	INFO	Running command: "C:\\Program Files\\Mozilla Firefox\\firefox.exe" "--marionette" "--headless" "--remote-debugging-port" "57155" "-no-remote" "-profile" "C:\\Users\\danie\\AppData\\Local\\Temp\\rust_mozprofilefhlyRn"
*** You are running in headless mode.
1647871784467	Marionette	INFO	Marionette enabled
[GFX1-]: RenderCompositorSWGL failed mapping default framebuffer, no dt
console.warn: SearchSettings: "get: No settings file exists, new profile?" (new NotFoundError("Could not open the file at C:\\Users\\danie\\AppData\\Local\\Temp\\rust_mozprofilefhlyRn\\search.json.mozlz4", (void 0)))
DevTools listening on ws://localhost:57155/devtools/browser/aaa30fcb-49a5-4765-b56d-b84bd8708bb6
1647871785857	Marionette	INFO	Listening on port 52656
1647871785952	RemoteAgent	WARN	TLS certificate errors will be ignored for this session
Exiting due to channel error.
Exiting due to channel error.
47880509639	mozrunner::runner	INFO	Running command: "C:\\Program Files\\Mozilla Firefox\\firefox.exe" "--marionette" "--headless" "--remote-debugging-port" "57298" "-no-remote" "-profile" "C:\\Users\\danie\\AppData\\Local\\Temp\\rust_mozprofileCgs2hA"
*** You are running in headless mode.
1647880512064	Marionette	INFO	Marionette enabled
[GFX1-]: RenderCompositorSWGL failed mapping default framebuffer, no dt
console.warn: SearchSettings: "get: No settings file exists, new profile?" (new NotFoundError("Could not open the file at C:\\Users\\danie\\AppData\\Local\\Temp\\rust_mozprofileCgs2hA\\search.json.mozlz4", (void 0)))
DevTools listening on ws://localhost:57298/devtools/browser/b352ece5-e6fe-4816-9465-ef2f26d90291
1647880519024	Marionette	INFO	Listening on port 58153
1647880519342	RemoteAgent	WARN	TLS certificate errors will be ignored for this session
A content process crashed and MOZ_CRASHREPORTER_SHUTDOWN is set, shutting down
1647884717892	Marionette	INFO	Stopped listening on port 58153
[Parent 34900, IPC I/O Parent] WARNING: file /builds/worker/checkouts/gecko/ipc/chromium/src/base/process_util_win.cc:167
JavaScript error: chrome://remote/content/marionette/cert.js, line 55: NS_ERROR_NOT_AVAILABLE: Component returned failure code: 0x80040111 (NS_ERROR_NOT_AVAILABLE) [nsICertOverrideService.setDisableAllSecurityChecksAndLetAttackersInterceptMyData]
A content process crashed and MOZ_CRASHREPORTER_SHUTDOWN is set, shutting down
[Parent 34900, IPC I/O Parent] WARNING: file /builds/worker/checkouts/gecko/ipc/chromium/src/base/process_util_win.cc:167
JavaScript error: resource://gre/modules/AsyncShutdown.jsm, line 718: Error: Phase "profile-before-change" is finished, it is too late to register completion condition "CrashService waiting for content crash ping to be sent"
JavaScript error: resource://gre/modules/CrashManager.jsm, line 898: AbortError: IOUtils: Shutting down and refusing additional I/O tasks
1648453837807	geckodriver	INFO	Listening on 127.0.0.1:52435
1648453840897	mozrunner::runner	INFO	Running command: "C:\\Program Files\\Mozilla Firefox\\firefox.exe" "--marionette" "--headless" "--remote-debugging-port" "52436" "-no-remote" "-profile" "C:\\Users\\danie\\AppData\\Local\\Temp\\rust_mozprofileGoBtN8"
*** You are running in headless mode.
1648453841736	Marionette	INFO	Marionette enabled
[GFX1-]: RenderCompositorSWGL failed mapping default framebuffer, no dt
console.warn: SearchSettings: "get: No settings file exists, new profile?" (new NotFoundError("Could not open the file at C:\\Users\\danie\\AppData\\Local\\Temp\\rust_mozprofileGoBtN8\\search.json.mozlz4", (void 0)))
DevTools listening on ws://localhost:52436/devtools/browser/e2b546b2-00dd-4df8-8438-6a614255dd84
1648453843238	Marionette	INFO	Listening on port 52453
1648453843567	RemoteAgent	WARN	TLS certificate errors will be ignored for this session
JavaScript error: , line 0: NotFoundError: Could not move source file(C:\Users\danie\AppData\Local\Temp\rust_mozprofileGoBtN8\bookmarkbackups\bookmarks-2022-03-28_11_Q3zceyW05NA0eu+-0odqaQ==.jsonlz4) because it does not exist
JavaScript error: , line 0: NS_ERROR_NOT_AVAILABLE
JavaScript error: , line 0: NS_ERROR_NOT_AVAILABLE
JavaScript error: , line 0: NS_ERROR_NOT_AVAILABLE
JavaScript error: , line 0: NotFoundError: Could not move source file(C:\Users\danie\AppData\Local\Temp\rust_mozprofileGoBtN8\bookmarkbackups\bookmarks-2022-03-31_11_Q3zceyW05NA0eu+-0odqaQ==.jsonlz4) because it does not exist
JavaScript error: , line 0: NS_ERROR_NOT_AVAILABLE
JavaScript error: , line 0: NotFoundError: Could not move source file(C:\Users\danie\AppData\Local\Temp\rust_mozprofileGoBtN8\bookmarkbackups\bookmarks-2022-04-01_11_Q3zceyW05NA0eu+-0odqaQ==.jsonlz4) because it does not exist
JavaScript error: , line 0: NS_ERROR_NOT_AVAILABLE
JavaScript error: , line 0: NS_ERROR_NOT_AVAILABLE
JavaScript error: , line 0: NotFoundError: Could not move source file(C:\Users\danie\AppData\Local\Temp\rust_mozprofileGoBtN8\bookmarkbackups\bookmarks-2022-04-06_11_Q3zceyW05NA0eu+-0odqaQ==.jsonlz4) because it does not exist
JavaScript error: , line 0: NotFoundError: Could not move source file(C:\Users\danie\AppData\Local\Temp\rust_mozprofileGoBtN8\bookmarkbackups\bookmarks-2022-04-07_11_Q3zceyW05NA0eu+-0odqaQ==.jsonlz4) because it does not exist
JavaScript error: , line 0: NS_ERROR_NOT_AVAILABLE
JavaScript error: , line 0: NotFoundError: Could not move source file(C:\Users\danie\AppData\Local\Temp\rust_mozprofileGoBtN8\bookmarkbackups\bookmarks-2022-04-08_11_Q3zceyW05NA0eu+-0odqaQ==.jsonlz4) because it does not exist
JavaScript error: , line 0: NotFoundError: Could not move source file(C:\Users\danie\AppData\Local\Temp\rust_mozprofileGoBtN8\bookmarkbackups\bookmarks-2022-04-09_11_Q3zceyW05NA0eu+-0odqaQ==.jsonlz4) because it does not exist
JavaScript error: , line 0: NS_ERROR_NOT_AVAILABLE
JavaScript error: , line 0: NS_ERROR_NOT_AVAILABLE
JavaScript error: , line 0: NotFoundError: Could not move source file(C:\Users\danie\AppData\Local\Temp\rust_mozprofileGoBtN8\bookmarkbackups\bookmarks-2022-04-11_11_Q3zceyW05NA0eu+-0odqaQ==.jsonlz4) because it does not exist
JavaScript error: , line 0: NS_ERROR_NOT_AVAILABLE
JavaScript error: , line 0: NS_ERROR_NOT_AVAILABLE
JavaScript error: , line 0: uncaught exception: null
JavaScript error: , line 0: uncaught exception: null
JavaScript error: , line 0: uncaught exception: null
JavaScript error: resource://gre/modules/PromiseWorker.jsm, line 106: Error: Could not get children of file(C:\Users\danie\AppData\Local\Temp\rust_mozprofileGoBtN8\thumbnails) because it does not exist
JavaScript error: , line 0: uncaught exception: null
JavaScript error: , line 0: uncaught exception: null
JavaScript error: , line 0: uncaught exception: null
JavaScript error: , line 0: uncaught exception: null
JavaScript error: , line 0: uncaught exception: null
JavaScript error: , line 0: uncaught exception: null
JavaScript error: , line 0: uncaught exception: null
JavaScript error: , line 0: uncaught exception: null
JavaScript error: , line 0: uncaught exception: null
JavaScript error: , line 0: uncaught exception: null
JavaScript error: , line 0: uncaught exception: null
JavaScript error: , line 0: uncaught exception: null
JavaScript error: , line 0: NotFoundError: Could not move source file(C:\Users\danie\AppData\Local\Temp\rust_mozprofileGoBtN8\bookmarkbackups\bookmarks-2022-04-13_11_Q3zceyW05NA0eu+-0odqaQ==.jsonlz4) because it does not exist
JavaScript error: resource://gre/modules/PromiseWorker.jsm, line 106: Error: Could not get children of file(C:\Users\danie\AppData\Local\Temp\rust_mozprofileGoBtN8\thumbnails) because it does not exist
JavaScript error: , line 0: uncaught exception: null
JavaScript error: , line 0: uncaught exception: null
JavaScript error: , line 0: uncaught exception: null
JavaScript error: , line 0: uncaught exception: null
JavaScript error: , line 0: uncaught exception: null
JavaScript error: , line 0: uncaught exception: null
JavaScript error: resource://gre/modules/PromiseWorker.jsm, line 106: Error: Could not get children of file(C:\Users\danie\AppData\Local\Temp\rust_mozprofileGoBtN8\thumbnails) because it does not exist
JavaScript error: , line 0: uncaught exception: null
JavaScript error: , line 0: uncaught exception: null
JavaScript error: , line 0: uncaught exception: null
JavaScript error: , line 0: uncaught exception: null
JavaScript error: , line 0: uncaught exception: null
JavaScript error: , line 0: uncaught exception: null
JavaScript error: , line 0: uncaught exception: null
JavaScript error: , line 0: uncaught exception: null
JavaScript error: , line 0: uncaught exception: null
JavaScript error: , line 0: uncaught exception: null
JavaScript error: resource://gre/modules/PromiseWorker.jsm, line 106: Error: Could not get children of file(C:\Users\danie\AppData\Local\Temp\rust_mozprofileGoBtN8\thumbnails) because it does not exist
JavaScript error: , line 0: uncaught exception: null
JavaScript error: resource://gre/modules/PromiseWorker.jsm, line 106: Error: Could not get children of file(C:\Users\danie\AppData\Local\Temp\rust_mozprofileGoBtN8\thumbnails) because it does not exist
JavaScript error: , line 0: uncaught exception: null
JavaScript error: , line 0: uncaught exception: null
JavaScript error: , line 0: uncaught exception: null
JavaScript error: , line 0: uncaught exception: null
JavaScript error: , line 0: uncaught exception: null
JavaScript error: , line 0: uncaught exception: null
JavaScript error: , line 0: uncaught exception: null
JavaScript error: , line 0: uncaught exception: null
JavaScript error: , line 0: uncaught exception: null
JavaScript error: , line 0: uncaught exception: null
JavaScript error: resource://gre/modules/PromiseWorker.jsm, line 106: Error: Could not get children of file(C:\Users\danie\AppData\Local\Temp\rust_mozprofileGoBtN8\thumbnails) because it does not exist
JavaScript error: , line 0: uncaught exception: null
JavaScript error: , line 0: uncaught exception: null
JavaScript error: , line 0: uncaught exception: null
JavaScript error: , line 0: uncaught exception: null
JavaScript error: , line 0: uncaught exception: null
JavaScript error: , line 0: uncaught exception: null
JavaScript error: , line 0: uncaught exception: null
JavaScript error: , line 0: uncaught exception: null
JavaScript error: , line 0: uncaught exception: null
JavaScript error: , line 0: uncaught exception: null
JavaScript error: , line 0: uncaught exception: null
JavaScript error: resource://gre/modules/PromiseWorker.jsm, line 106: Error: Could not get children of file(C:\Users\danie\AppData\Local\Temp\rust_mozprofileGoBtN8\thumbnails) because it does not exist
JavaScript error: , line 0: uncaught exception: null
JavaScript error: , line 0: uncaught exception: null
JavaScript error: , line 0: uncaught exception: null
JavaScript error: , line 0: uncaught exception: null
JavaScript error: , line 0: uncaught exception: null
JavaScript error: , line 0: uncaught exception: null
JavaScript error: , line 0: uncaught exception: null
JavaScript error: , line 0: uncaught exception: null
JavaScript error: , line 0: uncaught exception: null
JavaScript error: , line 0: uncaught exception: null
JavaScript error: resource://gre/modules/PromiseWorker.jsm, line 106: Error: Could not get children of file(C:\Users\danie\AppData\Local\Temp\rust_mozprofileGoBtN8\thumbnails) because it does not exist
JavaScript error: , line 0: uncaught exception: null
JavaScript error: resource://gre/modules/PromiseWorker.jsm, line 106: Error: Could not get children of file(C:\Users\danie\AppData\Local\Temp\rust_mozprofileGoBtN8\thumbnails) because it does not exist
JavaScript error: , line 0: uncaught exception: null
JavaScript error: , line 0: uncaught exception: null
JavaScript error: , line 0: uncaught exception: null
JavaScript error: , line 0: uncaught exception: null
JavaScript error: , line 0: uncaught exception: null
JavaScript error: resource://gre/modules/PromiseWorker.jsm, line 106: Error: Could not get children of file(C:\Users\danie\AppData\Local\Temp\rust_mozprofileGoBtN8\thumbnails) because it does not exist
JavaScript error: , line 0: uncaught exception: null
JavaScript error: , line 0: uncaught exception: null
JavaScript error: , line 0: uncaught exception: null
JavaScript error: , line 0: uncaught exception: null
JavaScript error: resource://gre/modules/PromiseWorker.jsm, line 106: Error: Could not get children of file(C:\Users\danie\AppData\Local\Temp\rust_mozprofileGoBtN8\thumbnails) because it does not exist
JavaScript error: , line 0: NS_ERROR_NOT_AVAILABLE
JavaScript error: , line 0: uncaught exception: null
console.error: services.settings: 
  Message: AbortError: IndexedDB: blocklists/addons-bloomfilters getLastModified() IndexedDB:  execute() A request was aborted, for example through a call to IDBTransaction.abort.
JavaScript error: , line 0: uncaught exception: null
JavaScript error: , line 0: uncaught exception: null
JavaScript error: , line 0: uncaught exception: null
JavaScript error: , line 0: uncaught exception: null
JavaScript error: , line 0: uncaught exception: null
JavaScript error: , line 0: uncaught exception: null
JavaScript error: , line 0: uncaught exception: null
JavaScript error: resource://gre/modules/PromiseWorker.jsm, line 106: Error: Could not get children of file(C:\Users\danie\AppData\Local\Temp\rust_mozprofileGoBtN8\thumbnails) because it does not exist
JavaScript error: , line 0: uncaught exception: null
JavaScript error: , line 0: uncaught exception: null
JavaScript error: , line 0: uncaught exception: null
JavaScript error: , line 0: uncaught exception: null
JavaScript error: , line 0: uncaught exception: null
JavaScript error: , line 0: uncaught exception: null
JavaScript error: , line 0: uncaught exception: null
JavaScript error: , line 0: uncaught exception: null
JavaScript error: , line 0: uncaught exception: null
JavaScript error: , line 0: uncaught exception: null
JavaScript error: , line 0: uncaught exception: null
JavaScript error: resource://gre/modules/PromiseWorker.jsm, line 106: Error: Could not get children of file(C:\Users\danie\AppData\Local\Temp\rust_mozprofileGoBtN8\thumbnails) because it does not exist
JavaScript error: , line 0: uncaught exception: null
JavaScript error: , line 0: uncaught exception: null
JavaScript error: , line 0: uncaught exception: null
JavaScript error: , line 0: uncaught exception: null
JavaScript error: , line 0: uncaught exception: null
JavaScript error: , line 0: uncaught exception: null
JavaScript error: , line 0: uncaught exception: null
JavaScript error: , line 0: uncaught exception: null
JavaScript error: , line 0: uncaught exception: null
JavaScript error: , line 0: uncaught exception: null
JavaScript error: , line 0: uncaught exception: null
JavaScript error: resource://gre/modules/PromiseWorker.jsm, line 106: Error: Could not get children of file(C:\Users\danie\AppData\Local\Temp\rust_mozprofileGoBtN8\thumbnails) because it does not exist
JavaScript error: , line 0: uncaught exception: null
JavaScript error: , line 0: uncaught exception: null
JavaScript error: , line 0: uncaught exception: null
JavaScript error: , line 0: uncaught exception: null
JavaScript error: , line 0: uncaught exception: null
JavaScript error: , line 0: uncaught exception: null
JavaScript error: , line 0: uncaught exception: null
JavaScript error: , line 0: uncaught exception: null
JavaScript error: , line 0: uncaught exception: null
JavaScript error: , line 0: uncaught exception: null
JavaScript error: , line 0: uncaught exception: null
JavaScript error: , line 0: uncaught exception: null
JavaScript error: resource://gre/modules/PromiseWorker.jsm, line 106: Error: Could not get children of file(C:\Users\danie\AppData\Local\Temp\rust_mozprofileGoBtN8\thumbnails) because it does not exist
JavaScript error: , line 0: uncaught exception: null
JavaScript error: , line 0: uncaught exception: null
JavaScript error: , line 0: uncaught exception: null
JavaScript error: , line 0: uncaught exception: null
JavaScript error: , line 0: uncaught exception: null
JavaScript error: , line 0: uncaught exception: null
JavaScript error: , line 0: uncaught exception: null
JavaScript error: , line 0: uncaught exception: null
JavaScript error: , line 0: uncaught exception: null
JavaScript error: , line 0: uncaught exception: null
JavaScript error: , line 0: uncaught exception: null
JavaScript error: , line 0: uncaught exception: null
JavaScript error: resource://gre/modules/PromiseWorker.jsm, line 106: Error: Could not get children of file(C:\Users\danie\AppData\Local\Temp\rust_mozprofileGoBtN8\thumbnails) because it does not exist
JavaScript error: , line 0: uncaught exception: null
JavaScript error: , line 0: uncaught exception: null
JavaScript error: , line 0: uncaught exception: null
JavaScript error: , line 0: uncaught exception: null
JavaScript error: , line 0: uncaught exception: null
JavaScript error: , line 0: uncaught exception: null
JavaScript error: , line 0: uncaught exception: null
JavaScript error: , line 0: uncaught exception: null
JavaScript error: , line 0: uncaught exception: null
JavaScript error: , line 0: uncaught exception: null
JavaScript error: , line 0: uncaught exception: null
JavaScript error: , line 0: uncaught exception: null
JavaScript error: resource://gre/modules/PromiseWorker.jsm, line 106: Error: Could not get children of file(C:\Users\danie\AppData\Local\Temp\rust_mozprofileGoBtN8\thumbnails) because it does not exist
JavaScript error: , line 0: uncaught exception: null
JavaScript error: , line 0: uncaught exception: null
JavaScript error: , line 0: uncaught exception: null
JavaScript error: , line 0: uncaught exception: null
JavaScript error: , line 0: uncaught exception: null
JavaScript error: , line 0: uncaught exception: null
JavaScript error: , line 0: uncaught exception: null
JavaScript error: , line 0: uncaught exception: null
JavaScript error: , line 0: uncaught exception: null
JavaScript error: , line 0: uncaught exception: null
JavaScript error: , line 0: uncaught exception: null
JavaScript error: , line 0: uncaught exception: null
JavaScript error: resource://gre/modules/PromiseWorker.jsm, line 106: Error: Could not get children of file(C:\Users\danie\AppData\Local\Temp\rust_mozprofileGoBtN8\thumbnails) because it does not exist
JavaScript error: , line 0: uncaught exception: null
JavaScript error: , line 0: uncaught exception: null
JavaScript error: , line 0: uncaught exception: null
JavaScript error: , line 0: uncaught exception: null
JavaScript error: , line 0: uncaught exception: null
JavaScript error: , line 0: uncaught exception: null
JavaScript error: , line 0: uncaught exception: null
JavaScript error: , line 0: uncaught exception: null
JavaScript error: , line 0: uncaught exception: null
JavaScript error: , line 0: uncaught exception: null
JavaScript error: resource://gre/modules/PromiseWorker.jsm, line 106: Error: Could not get children of file(C:\Users\danie\AppData\Local\Temp\rust_mozprofileGoBtN8\thumbnails) because it does not exist
JavaScript error: , line 0: uncaught exception: null
JavaScript error: , line 0: uncaught exception: null
JavaScript error: resource://gre/modules/PromiseWorker.jsm, line 106: Error: Could not get children of file(C:\Users\danie\AppData\Local\Temp\rust_mozprofileGoBtN8\thumbnails) because it does not exist
JavaScript error: , line 0: uncaught exception: null
JavaScript error: , line 0: uncaught exception: null
JavaScript error: , line 0: uncaught exception: null
JavaScript error: , line 0: uncaught exception: null
JavaScript error: , line 0: uncaught exception: null
JavaScript error: , line 0: uncaught exception: null
JavaScript error: , line 0: uncaught exception: null
JavaScript error: , line 0: uncaught exception: null
JavaScript error: , line 0: uncaught exception: null
JavaScript error: , line 0: uncaught exception: null
JavaScript error: resource://gre/modules/PromiseWorker.jsm, line 106: Error: Could not get children of file(C:\Users\danie\AppData\Local\Temp\rust_mozprofileGoBtN8\thumbnails) because it does not exist
JavaScript error: , line 0: uncaught exception: null
JavaScript error: , line 0: uncaught exception: null
JavaScript error: , line 0: uncaught exception: null
JavaScript error: resource://gre/modules/PromiseWorker.jsm, line 106: Error: Could not get children of file(C:\Users\danie\AppData\Local\Temp\rust_mozprofileGoBtN8\thumbnails) because it does not exist
JavaScript error: , line 0: uncaught exception: null
JavaScript error: , line 0: uncaught exception: null
JavaScript error: , line 0: uncaught exception: null
JavaScript error: , line 0: uncaught exception: null
JavaScript error: , line 0: uncaught exception: null
JavaScript error: , line 0: NotFoundError: Could not move source file(C:\Users\danie\AppData\Local\Temp\rust_mozprofileGoBtN8\bookmarkbackups\bookmarks-2022-04-15_11_Q3zceyW05NA0eu+-0odqaQ==.jsonlz4) because it does not exist
JavaScript error: resource://gre/modules/PromiseWorker.jsm, line 106: Error: Could not get children of file(C:\Users\danie\AppData\Local\Temp\rust_mozprofileGoBtN8\thumbnails) because it does not exist
JavaScript error: , line 0: uncaught exception: null
JavaScript error: , line 0: NS_ERROR_NOT_AVAILABLE
console.error: services.settings: 
  Message: AbortError: IndexedDB: blocklists/addons-bloomfilters getLastModified() IndexedDB:  execute() A request was aborted, for example through a call to IDBTransaction.abort.
JavaScript error: , line 0: uncaught exception: null
JavaScript error: , line 0: uncaught exception: null
JavaScript error: , line 0: uncaught exception: null
JavaScript error: , line 0: uncaught exception: null
JavaScript error: , line 0: NotFoundError: Could not move source file(C:\Users\danie\AppData\Local\Temp\rust_mozprofileGoBtN8\bookmarkbackups\bookmarks-2022-04-16_11_Q3zceyW05NA0eu+-0odqaQ==.jsonlz4) because it does not exist
JavaScript error: , line 0: uncaught exception: null
JavaScript error: resource://gre/modules/PromiseWorker.jsm, line 106: Error: Could not get children of file(C:\Users\danie\AppData\Local\Temp\rust_mozprofileGoBtN8\thumbnails) because it does not exist
aught exception: null
JavaScript error: resource://gre/modules/PromiseWorker.jsm, line 106: Error: Could not get children of file(C:\Users\danie\AppData\Local\Temp\rust_mozprofileuh685d\thumbnails) because it does not exist
console.error: Region.jsm: "Error fetching region" (new TypeError("NetworkError when attempting to fetch resource.", ""))
console.error: Region.jsm: "Failed to fetch region" (new Error("NO_RESULT", "resource://gre/modules/Region.jsm", 419))
JavaScript error: , line 0: uncaught exception: null
JavaScript error: , line 0: uncaught exception: null
JavaScript error: , line 0: uncaught exception: null
JavaScript error: , line 0: uncaught exception: null
JavaScript error: , line 0: uncaught exception: null
JavaScript error: resource://gre/modules/PromiseWorker.jsm, line 106: Error: Could not get children of file(C:\Users\danie\AppData\Local\Temp\rust_mozprofileuh685d\thumbnails) because it does not exist
JavaScript error: , line 0: uncaught exception: null
JavaScript error: , line 0: NS_ERROR_NOT_AVAILABLE
console.error: services.settings: 
  Message: AbortError: IndexedDB: blocklists/addons-bloomfilters getLastModified() IndexedDB:  execute() A request was aborted, for example through a call to IDBTransaction.abort.
JavaScript error: , line 0: uncaught exception: null
JavaScript error: , line 0: uncaught exception: null
JavaScript error: , line 0: uncaught exception: null
JavaScript error: , line 0: uncaught exception: null
JavaScript error: , line 0: uncaught exception: null
JavaScript error: , line 0: NotFoundError: Could not move source file(C:\Users\danie\AppData\Local\Temp\rust_mozprofileuh685d\bookmarkbackups\bookmarks-2022-04-16_11_YtK3Ph7VoNWRKfoGcJRpog==.jsonlz4) because it does not exist
JavaScript error: resource://gre/modules/PromiseWorker.jsm, line 106: Error: Could not get children of file(C:\Users\danie\AppData\Local\Temp\rust_mozprofileuh685d\thumbnails) because it does not exist
OR_NOT_AVAILABLE
console.error: services.settings: 
  Message: AbortError: IndexedDB: blocklists/addons-bloomfilters getLastModified() IndexedDB:  execute() A request was aborted, for example through a call to IDBTransaction.abort.
JavaScript error: , line 0: uncaught exception: null
JavaScript error: , line 0: uncaught exception: null
JavaScript error: , line 0: uncaught exception: null
JavaScript error: , line 0: uncaught exception: null
JavaScript error: , line 0: NotFoundError: Could not move source file(C:\Users\danie\AppData\Local\Temp\rust_mozprofileAjPKVG\bookmarkbackups\bookmarks-2022-04-16_11_YKgPEH+P4Yh-INYD7OFxsw==.jsonlz4) because it does not exist
JavaScript error: , line 0: uncaught exception: null
JavaScript error: resource://gre/modules/PromiseWorker.jsm, line 106: Error: Could not get children of file(C:\Users\danie\AppData\Local\Temp\rust_mozprofileAjPKVG\thumbnails) because it does not exist
aScript error: , line 0: uncaught exception: null
JavaScript error: resource://gre/modules/PromiseWorker.jsm, line 106: Error: Could not get children of file(C:\Users\danie\AppData\Local\Temp\rust_mozprofileE1iTso\thumbnails) because it does not exist
